<?xml version="1.0" encoding="UTF-8"?>
<!-- Generated by org.testng.reporters.JUnitXMLReporter -->
<testsuite hostname="JIM-TI8227" name="Test" tests="3" failures="3" timestamp="19 Dec 2015 02:01:54 GMT" time="65.097" errors="0">
  <testcase name="invalid_login" time="20.48" classname="sceanrios_TCs.Login_Scenario">
    <failure type="java.io.IOException" message="The filename, directory name, or volume label syntax is incorrect">
      <![CDATA[java.io.IOException: The filename, directory name, or volume label syntax is incorrect
	at java.io.WinNTFileSystem.canonicalize0(Native Method)
	at java.io.Win32FileSystem.canonicalize(Unknown Source)
	at java.io.File.getCanonicalPath(Unknown Source)
	at org.apache.commons.io.FileUtils.copyFile(FileUtils.java:1079)
	at org.apache.commons.io.FileUtils.copyFile(FileUtils.java:1038)
	at generic_library.Base_Class.snapshotmethod(Base_Class.java:37)
	at sceanrios_TCs.Login_Scenario.invalid_login(Login_Scenario.java:35)
... Removed 24 stack frames]]>
    </failure>
  </testcase> <!-- invalid_login -->
  <testcase name="invalid_login" time="21.142" classname="sceanrios_TCs.Login_Scenario">
    <failure type="java.io.IOException" message="The filename, directory name, or volume label syntax is incorrect">
      <![CDATA[java.io.IOException: The filename, directory name, or volume label syntax is incorrect
	at java.io.WinNTFileSystem.canonicalize0(Native Method)
	at java.io.Win32FileSystem.canonicalize(Unknown Source)
	at java.io.File.getCanonicalPath(Unknown Source)
	at org.apache.commons.io.FileUtils.copyFile(FileUtils.java:1079)
	at org.apache.commons.io.FileUtils.copyFile(FileUtils.java:1038)
	at generic_library.Base_Class.snapshotmethod(Base_Class.java:37)
	at sceanrios_TCs.Login_Scenario.invalid_login(Login_Scenario.java:35)
... Removed 24 stack frames]]>
    </failure>
  </testcase> <!-- invalid_login -->
  <testcase name="valid_login" time="22.074" classname="sceanrios_TCs.Login_Scenario">
    <failure type="java.io.IOException" message="The filename, directory name, or volume label syntax is incorrect">
      <![CDATA[java.io.IOException: The filename, directory name, or volume label syntax is incorrect
	at java.io.WinNTFileSystem.canonicalize0(Native Method)
	at java.io.Win32FileSystem.canonicalize(Unknown Source)
	at java.io.File.getCanonicalPath(Unknown Source)
	at org.apache.commons.io.FileUtils.copyFile(FileUtils.java:1079)
	at org.apache.commons.io.FileUtils.copyFile(FileUtils.java:1038)
	at generic_library.Base_Class.snapshotmethod(Base_Class.java:37)
	at sceanrios_TCs.Login_Scenario.valid_login(Login_Scenario.java:66)
... Removed 24 stack frames]]>
    </failure>
  </testcase> <!-- valid_login -->
</testsuite> <!-- Test -->
