<?xml version="1.0" encoding="UTF-8"?>
<!-- Generated by org.testng.reporters.JUnitXMLReporter -->
<testsuite hostname="JIM-TI8227" name="Test" tests="3" failures="0" timestamp="19 Dec 2015 02:04:58 GMT" time="65.604" errors="0">
  <testcase name="invalid_login" time="21.159" classname="sceanrios_TCs.Login_Scenario"/>
  <testcase name="invalid_login" time="18.018" classname="sceanrios_TCs.Login_Scenario"/>
  <testcase name="valid_login" time="25.285" classname="sceanrios_TCs.Login_Scenario"/>
</testsuite> <!-- Test -->
